<?xml version="1.0" encoding="UTF-8"?>
<!-- Generated by org.testng.reporters.JUnitXMLReporter -->
<testsuite ignored="0" hostname="LAPTOP-Q7L19CG3" failures="0" tests="3" name="Regression suite 1" time="58.165" errors="0" timestamp="04 Jun 2023 11:44:05 GMT">
  <testcase classname="test_cases.GLG_2_1_TC_1" name="Login" time="5.516"/>
  <testcase classname="test_cases.GLG_2_1_TC_1" name="TC_1" time="6.131"/>
  <testcase classname="test_cases.GLG_2_2_TC_2" name="TC_2" time="18.47"/>
</testsuite> <!-- Regression suite 1 -->
