<?xml version="1.0" encoding="UTF-8"?>
<!-- Generated by org.testng.reporters.JUnitXMLReporter -->
<testsuite ignored="0" hostname="LAPTOP-Q7L19CG3" failures="0" tests="4" name="Regression suite 1" time="24.741" errors="0" timestamp="2023-06-05T21:20:44 IST">
  <testcase classname="gl_Account.TestSuit_GLA_3_1" name="GLA_3_1_TC_1" time="7.278"/>
  <testcase classname="gl_Account.TestSuit_GLA_3_1" name="GLA_3_1_TC_2" time="8.94"/>
  <testcase classname="gl_Account.TestSuit_GLA_3_11" name="TC_11" time="5.899"/>
  <testcase classname="gl_Account.TestSuit_GLA_3_11" name="TC_12" time="2.552"/>
</testsuite> <!-- Regression suite 1 -->
