<?xml version="1.0" encoding="UTF-8"?>
<testng-results ignored="0" total="5" passed="5" failed="0" skipped="0">
  <reporter-output>
  </reporter-output>
  <suite started-at="2023-06-16T21:52:24 IST" name="Sample Suite" finished-at="2023-06-16T21:53:10 IST" duration-ms="45765">
    <groups>
      <group name="Regression">
        <method signature="Groups_GLA.start()[pri:0, instance:gl_Account.Groups_GLA@429bffaa]" name="start" class="gl_Account.Groups_GLA"/>
        <method signature="Groups_GLA.login()[pri:0, instance:gl_Account.Groups_GLA@429bffaa]" name="login" class="gl_Account.Groups_GLA"/>
        <method signature="Groups_GLA.TC_3()[pri:0, instance:gl_Account.Groups_GLA@429bffaa]" name="TC_3" class="gl_Account.Groups_GLA"/>
        <method signature="Groups_GLA.GLA_TC_4()[pri:0, instance:gl_Account.Groups_GLA@429bffaa]" name="GLA_TC_4" class="gl_Account.Groups_GLA"/>
        <method signature="Groups_GLA.close()[pri:0, instance:gl_Account.Groups_GLA@429bffaa]" name="close" class="gl_Account.Groups_GLA"/>
      </group> <!-- Regression -->
    </groups>
    <test started-at="2023-06-16T21:52:24 IST" name="testing" finished-at="2023-06-16T21:53:10 IST" duration-ms="45765">
      <class name="gl_Account.Groups_GLA">
        <test-method signature="start()[pri:0, instance:gl_Account.Groups_GLA@429bffaa]" started-at="2023-06-16T21:52:24 IST" name="start" finished-at="2023-06-16T21:52:34 IST" duration-ms="9796" status="PASS">
          <reporter-output>
          </reporter-output>
        </test-method> <!-- start -->
        <test-method signature="login()[pri:0, instance:gl_Account.Groups_GLA@429bffaa]" started-at="2023-06-16T21:52:34 IST" name="login" finished-at="2023-06-16T21:52:41 IST" depends-on-methods="gl_Account.Groups_GLA.start" duration-ms="6862" status="PASS">
          <reporter-output>
          </reporter-output>
        </test-method> <!-- login -->
        <test-method signature="TC_3()[pri:0, instance:gl_Account.Groups_GLA@429bffaa]" started-at="2023-06-16T21:52:41 IST" name="TC_3" finished-at="2023-06-16T21:52:53 IST" depends-on-methods="gl_Account.Groups_GLA.login" duration-ms="12788" status="PASS">
          <reporter-output>
          </reporter-output>
        </test-method> <!-- TC_3 -->
        <test-method signature="GLA_TC_4()[pri:0, instance:gl_Account.Groups_GLA@429bffaa]" started-at="2023-06-16T21:52:53 IST" name="GLA_TC_4" finished-at="2023-06-16T21:53:09 IST" depends-on-methods="gl_Account.Groups_GLA.TC_3" duration-ms="16086" status="PASS">
          <reporter-output>
          </reporter-output>
        </test-method> <!-- GLA_TC_4 -->
        <test-method signature="close()[pri:0, instance:gl_Account.Groups_GLA@429bffaa]" started-at="2023-06-16T21:53:09 IST" name="close" finished-at="2023-06-16T21:53:10 IST" depends-on-methods="gl_Account.Groups_GLA.GLA_TC_4" duration-ms="160" status="PASS">
          <reporter-output>
          </reporter-output>
        </test-method> <!-- close -->
      </class> <!-- gl_Account.Groups_GLA -->
    </test> <!-- testing -->
  </suite> <!-- Sample Suite -->
</testng-results>
