<?xml version="1.0" encoding="UTF-8"?>
<testng-results ignored="0" total="1" passed="1" failed="0" skipped="0">
  <reporter-output>
  </reporter-output>
  <suite started-at="2023-06-22T13:29:10Z" name="Default suite" finished-at="2023-06-22T13:29:12Z" duration-ms="2167">
    <groups>
    </groups>
    <test started-at="2023-06-22T13:29:10Z" name="Default test" finished-at="2023-06-22T13:29:12Z" duration-ms="2167">
      <class name="tests.Test_DELETE">
        <test-method signature="Test_1_delete()[pri:0, instance:tests.Test_DELETE@b978d10]" started-at="2023-06-22T13:29:10Z" name="Test_1_delete" finished-at="2023-06-22T13:29:12Z" duration-ms="2136" status="PASS">
          <reporter-output>
          </reporter-output>
        </test-method> <!-- Test_1_delete -->
      </class> <!-- tests.Test_DELETE -->
    </test> <!-- Default test -->
  </suite> <!-- Default suite -->
</testng-results>
