<?xml version="1.0" encoding="UTF-8"?>
<testng-results ignored="0" total="2" passed="2" failed="0" skipped="0">
  <reporter-output>
  </reporter-output>
  <suite started-at="2023-06-01T14:17:56Z" name="example suite 1" finished-at="2023-06-01T14:18:25Z" duration-ms="29583">
    <groups>
    </groups>
    <test started-at="2023-06-01T14:17:56Z" name="Regression suite 1" finished-at="2023-06-01T14:18:25Z" duration-ms="29583">
      <class name="test_cases.GLG_2_1_TC_1">
        <test-method is-config="true" signature="Open()[pri:0, instance:test_cases.GLG_2_1_TC_1@6f1de4c7]" started-at="2023-06-01T14:17:56Z" name="Open" finished-at="2023-06-01T14:18:06Z" duration-ms="10547" status="PASS">
          <reporter-output>
          </reporter-output>
        </test-method> <!-- Open -->
        <test-method signature="Login()[pri:0, instance:test_cases.GLG_2_1_TC_1@6f1de4c7]" started-at="2023-06-01T14:18:06Z" name="Login" finished-at="2023-06-01T14:18:13Z" duration-ms="6324" status="PASS">
          <reporter-output>
          </reporter-output>
        </test-method> <!-- Login -->
        <test-method signature="TC_1()[pri:0, instance:test_cases.GLG_2_1_TC_1@6f1de4c7]" started-at="2023-06-01T14:18:13Z" name="TC_1" finished-at="2023-06-01T14:18:19Z" depends-on-methods="test_cases.GLG_2_1_TC_1.Login" duration-ms="6256" status="PASS">
          <reporter-output>
          </reporter-output>
        </test-method> <!-- TC_1 -->
        <test-method is-config="true" signature="close()[pri:0, instance:test_cases.GLG_2_1_TC_1@6f1de4c7]" started-at="2023-06-01T14:18:19Z" name="close" finished-at="2023-06-01T14:18:25Z" duration-ms="6418" status="PASS">
          <reporter-output>
          </reporter-output>
        </test-method> <!-- close -->
      </class> <!-- test_cases.GLG_2_1_TC_1 -->
    </test> <!-- Regression suite 1 -->
  </suite> <!-- example suite 1 -->
</testng-results>
