<?xml version="1.0" encoding="UTF-8"?>
<testng-results ignored="0" total="3" passed="3" failed="0" skipped="0">
  <reporter-output>
  </reporter-output>
  <suite started-at="2023-06-04T11:43:07Z" name="example suite 1" finished-at="2023-06-04T11:44:05Z" duration-ms="58165">
    <groups>
    </groups>
    <test started-at="2023-06-04T11:43:07Z" name="Regression suite 1" finished-at="2023-06-04T11:44:05Z" duration-ms="58165">
      <class name="test_cases.GLG_2_1_TC_1">
        <test-method is-config="true" signature="Open()[pri:0, instance:test_cases.GLG_2_1_TC_1@a1153bc]" started-at="2023-06-04T11:43:07Z" name="Open" finished-at="2023-06-04T11:43:17Z" duration-ms="9566" status="PASS">
          <reporter-output>
          </reporter-output>
        </test-method> <!-- Open -->
        <test-method signature="Login()[pri:0, instance:test_cases.GLG_2_1_TC_1@a1153bc]" started-at="2023-06-04T11:43:17Z" name="Login" finished-at="2023-06-04T11:43:22Z" duration-ms="5516" status="PASS">
          <reporter-output>
          </reporter-output>
        </test-method> <!-- Login -->
        <test-method signature="TC_1()[pri:0, instance:test_cases.GLG_2_1_TC_1@a1153bc]" started-at="2023-06-04T11:43:22Z" name="TC_1" finished-at="2023-06-04T11:43:28Z" depends-on-methods="test_cases.GLG_2_1_TC_1.Login" duration-ms="6131" status="PASS">
          <reporter-output>
          </reporter-output>
        </test-method> <!-- TC_1 -->
        <test-method is-config="true" signature="close()[pri:0, instance:test_cases.GLG_2_1_TC_1@a1153bc]" started-at="2023-06-04T11:44:03Z" name="close" finished-at="2023-06-04T11:44:05Z" duration-ms="2166" status="PASS">
          <reporter-output>
          </reporter-output>
        </test-method> <!-- close -->
      </class> <!-- test_cases.GLG_2_1_TC_1 -->
      <class name="test_cases.GLG_2_2_TC_2">
        <test-method is-config="true" signature="Open()[pri:0, instance:test_cases.GLG_2_2_TC_2@4218d6a3]" started-at="2023-06-04T11:43:28Z" name="Open" finished-at="2023-06-04T11:43:37Z" duration-ms="8872" status="PASS">
          <reporter-output>
          </reporter-output>
        </test-method> <!-- Open -->
        <test-method signature="TC_2()[pri:0, instance:test_cases.GLG_2_2_TC_2@4218d6a3]" started-at="2023-06-04T11:43:37Z" name="TC_2" finished-at="2023-06-04T11:43:56Z" duration-ms="18470" status="PASS">
          <reporter-output>
          </reporter-output>
        </test-method> <!-- TC_2 -->
        <test-method is-config="true" signature="close()[pri:0, instance:test_cases.GLG_2_2_TC_2@4218d6a3]" started-at="2023-06-04T11:43:56Z" name="close" finished-at="2023-06-04T11:44:03Z" duration-ms="7387" status="PASS">
          <reporter-output>
          </reporter-output>
        </test-method> <!-- close -->
      </class> <!-- test_cases.GLG_2_2_TC_2 -->
    </test> <!-- Regression suite 1 -->
  </suite> <!-- example suite 1 -->
</testng-results>
