<?xml version="1.0" encoding="UTF-8"?>
<testng-results ignored="0" total="1" passed="1" failed="0" skipped="0">
  <reporter-output>
  </reporter-output>
  <suite started-at="2023-06-04T11:37:06Z" name="Default suite" finished-at="2023-06-04T11:37:46Z" duration-ms="40406">
    <groups>
    </groups>
    <test started-at="2023-06-04T11:37:06Z" name="Default test" finished-at="2023-06-04T11:37:46Z" duration-ms="40406">
      <class name="test_cases.GLG_2_2_TC_2">
        <test-method is-config="true" signature="Open()[pri:0, instance:test_cases.GLG_2_2_TC_2@60b4beb4]" started-at="2023-06-04T11:37:06Z" name="Open" finished-at="2023-06-04T11:37:15Z" duration-ms="9487" status="PASS">
          <reporter-output>
          </reporter-output>
        </test-method> <!-- Open -->
        <test-method signature="TC_2()[pri:0, instance:test_cases.GLG_2_2_TC_2@60b4beb4]" started-at="2023-06-04T11:37:15Z" name="TC_2" finished-at="2023-06-04T11:37:43Z" duration-ms="27706" status="PASS">
          <reporter-output>
          </reporter-output>
        </test-method> <!-- TC_2 -->
        <test-method is-config="true" signature="close()[pri:0, instance:test_cases.GLG_2_2_TC_2@60b4beb4]" started-at="2023-06-04T11:37:43Z" name="close" finished-at="2023-06-04T11:37:46Z" duration-ms="3182" status="PASS">
          <reporter-output>
          </reporter-output>
        </test-method> <!-- close -->
      </class> <!-- test_cases.GLG_2_2_TC_2 -->
    </test> <!-- Default test -->
  </suite> <!-- Default suite -->
</testng-results>
